
2023-06-01 NullPointerException
2023-06-01 ServiceStarted
2023-06-01 MemoryLow
2023-06-02 UserLoggedIn
2023-06-02 DiskFailure
2023-06-02 CacheRefreshed
2023-06-02 HighCPUUsage
2023-06-03 UserLoggedOut
2023-06-03 TimeoutOccured
2023-06-03 LowDiskSpace
2023-06-04 ConfigurationReloaded
2023-06-04 DatabaseConnectionLost
2023-06-04 NetworkLatencyHigh
2023-06-05 BackupStarted
2023-06-05 BackupCompleted
2023-06-05 BackupValidationFailed
2023-06-06 UserLoggedIn
2023-06-06 UnauthorizedAccessAttempt
2023-06-06 FileNotFound
2023-06-07 PatchApplied
2023-06-07 ServiceRestarted
2023-06-07 CPUThrottlingDetected
2023-06-08 MemoryCorruption
2023-06-08 HealthCheckPassed
2023-06-08 DiskIOHigh
2023-06-09 SSLHandshakeFailed
2023-06-09 UserLoggedOut
2023-06-09 ConnectionPoolLow
2023-06-10 NodeScaledUp
2023-06-10 NodeScaledDown
2023-06-10 HighMemoryUsage
2023-06-11 PermissionDenied
2023-06-11 AuditLogGenerated
2023-06-11 ServiceResponseSlow
2023-06-12 CronJobExecuted
2023-06-12 MetricsCollected
2023-06-12 DataParsingFailed
2023-06-13 NetworkPacketLoss
2023-06-13 UserLoggedIn
2023-06-13 OutOfMemory
2023-06-14 ServiceShuttingDown
2023-06-14 DeprecatedAPIUsage
2023-06-14 InvalidConfiguration

